=== New Game Started: Board size 6x6 ===

Move 1 by Player O:
          0      1      2      3      4      5 
  ___________________________________________
  0 |      |  O   |      |      |      |      |
  ___________________________________________
  1 |      |      |      |      |      |      |
  ___________________________________________
  2 |      |      |      |      |      |      |
  ___________________________________________
  3 |      |      |      |      |      |      |
  ___________________________________________
  4 |      |      |      |      |      |      |
  ___________________________________________
  5 |      |      |      |      |      |      |
  ___________________________________________

Move 2 by Player X:
          0      1      2      3      4      5 
  ___________________________________________
  0 |      |  O   |      |      |      |      |
  ___________________________________________
  1 |      |      |      |      |      |      |
  ___________________________________________
  2 |      |      |      |      |      |      |
  ___________________________________________
  3 |      |      |      |      |  X   |      |
  ___________________________________________
  4 |      |      |      |      |      |      |
  ___________________________________________
  5 |      |      |      |      |      |      |
  ___________________________________________

Move 3 by Player O:
          0      1      2      3      4      5 
  ___________________________________________
  0 |  O   |  O   |      |      |      |      |
  ___________________________________________
  1 |      |      |      |      |      |      |
  ___________________________________________
  2 |      |      |      |      |      |      |
  ___________________________________________
  3 |      |      |      |      |  X   |      |
  ___________________________________________
  4 |      |      |      |      |      |      |
  ___________________________________________
  5 |      |      |      |      |      |      |
  ___________________________________________

Move 4 by Player X:
          0      1      2      3      4      5 
  ___________________________________________
  0 |  O   |  O   |      |      |      |      |
  ___________________________________________
  1 |      |      |      |      |      |      |
  ___________________________________________
  2 |      |      |      |      |      |      |
  ___________________________________________
  3 |      |      |      |      |  X   |      |
  ___________________________________________
  4 |      |      |      |      |      |      |
  ___________________________________________
  5 |  X   |      |      |      |      |      |
  ___________________________________________

Move 5 by Player O:
          0      1      2      3      4      5 
  ___________________________________________
  0 |  O   |  O   |  O   |      |      |      |
  ___________________________________________
  1 |      |      |      |      |      |      |
  ___________________________________________
  2 |      |      |      |      |      |      |
  ___________________________________________
  3 |      |      |      |      |  X   |      |
  ___________________________________________
  4 |      |      |      |      |      |      |
  ___________________________________________
  5 |  X   |      |      |      |      |      |
  ___________________________________________

Move 6 by Player X:
          0      1      2      3      4      5 
  ___________________________________________
  0 |  O   |  O   |  O   |      |      |      |
  ___________________________________________
  1 |      |      |      |      |      |      |
  ___________________________________________
  2 |      |      |      |      |      |      |
  ___________________________________________
  3 |      |      |      |      |  X   |      |
  ___________________________________________
  4 |  X   |      |      |      |      |      |
  ___________________________________________
  5 |  X   |      |      |      |      |      |
  ___________________________________________

Move 7 by Player O:
          0      1      2      3      4      5 
  ___________________________________________
  0 |  O   |  O   |  O   |  O   |      |      |
  ___________________________________________
  1 |      |      |      |      |      |      |
  ___________________________________________
  2 |      |      |      |      |      |      |
  ___________________________________________
  3 |      |      |      |      |  X   |      |
  ___________________________________________
  4 |  X   |      |      |      |      |      |
  ___________________________________________
  5 |  X   |      |      |      |      |      |
  ___________________________________________

Move 8 by Player X:
          0      1      2      3      4      5 
  ___________________________________________
  0 |  O   |  O   |  O   |  O   |      |      |
  ___________________________________________
  1 |      |      |      |      |      |      |
  ___________________________________________
  2 |      |      |      |      |      |      |
  ___________________________________________
  3 |      |      |      |      |  X   |      |
  ___________________________________________
  4 |  X   |      |      |      |      |      |
  ___________________________________________
  5 |  X   |      |      |      |      |  X   |
  ___________________________________________

Move 9 by Player O:
          0      1      2      3      4      5 
  ___________________________________________
  0 |  O   |  O   |  O   |  O   |  O   |      |
  ___________________________________________
  1 |      |      |      |      |      |      |
  ___________________________________________
  2 |      |      |      |      |      |      |
  ___________________________________________
  3 |      |      |      |      |  X   |      |
  ___________________________________________
  4 |  X   |      |      |      |      |      |
  ___________________________________________
  5 |  X   |      |      |      |      |  X   |
  ___________________________________________

Move 10 by Player X:
          0      1      2      3      4      5 
  ___________________________________________
  0 |  O   |  O   |  O   |  O   |  O   |      |
  ___________________________________________
  1 |      |      |      |      |      |      |
  ___________________________________________
  2 |      |      |      |      |      |      |
  ___________________________________________
  3 |      |      |      |      |  X   |      |
  ___________________________________________
  4 |  X   |      |      |      |      |      |
  ___________________________________________
  5 |  X   |      |      |  X   |      |  X   |
  ___________________________________________

Move 11 by Player O:
          0      1      2      3      4      5 
  ___________________________________________
  0 |  O   |  O   |  O   |  O   |  O   |  O   |
  ___________________________________________
  1 |      |      |      |      |      |      |
  ___________________________________________
  2 |      |      |      |      |      |      |
  ___________________________________________
  3 |      |      |      |      |  X   |      |
  ___________________________________________
  4 |  X   |      |      |      |      |      |
  ___________________________________________
  5 |  X   |      |      |  X   |      |  X   |
  ___________________________________________
Player O wins!
=== Game Ended ===

